<?xml version="1.0" encoding="UTF-8"?>
<!-- Generated by org.testng.reporters.JUnitReportReporter -->
<testsuite hostname="Prakash_Muthu" failures="0" tests="1" name="day02.program01" time="8.280" errors="0" timestamp="2023-04-06T10:16:34 IST" skipped="0">
  <testcase classname="day02.program01" name="testcase" time="8.280"/>
  <system-out/>
</testsuite> <!-- day02.program01 -->
